Using default tag: latest
The push refers to repository [docker.io/lowyard/local-tex]
693af6acb417: Preparing
e773d7721752: Preparing
47ff67f27e0c: Preparing
6d328b19d668: Preparing
7f7f27568978: Preparing
68a6d6e49d6d: Preparing
68a6d6e49d6d: Preparing
39881c0edef3: Preparing
7bf1d70f712f: Preparing
9e9be109958c: Preparing
58766175563b: Preparing
1972ade39427: Preparing
693af6acb417: Waiting
d08a16245c84: Preparing
74fadb301dde: Preparing
e773d7721752: Waiting
09ece2ad1934: Preparing
95a3262289e5: Preparing
47ff67f27e0c: Waiting
45beb820cf54: Preparing
45beb820cf54: Waiting
6d328b19d668: Waiting
7f7f27568978: Waiting
7bf1d70f712f: Waiting
68a6d6e49d6d: Waiting
9e9be109958c: Waiting
39881c0edef3: Waiting
58766175563b: Waiting
09ece2ad1934: Waiting
95a3262289e5: Waiting
1972ade39427: Waiting
d08a16245c84: Waiting
74fadb301dde: Waiting
b1ea9f6aeb0a: Preparing
b1ea9f6aeb0a: Waiting
45beb820cf54: Waiting
b1ea9f6aeb0a: Preparing
bfd96c0be7e6: Preparing
170123391da7: Preparing
b0765677619d: Preparing
b0765677619d: Waiting
bfd96c0be7e6: Waiting
170123391da7: Waiting
b1ea9f6aeb0a: Waiting
8cf04db4bfe9: Preparing
8cf04db4bfe9: Waiting
b0765677619d: Waiting
d913c3050d00: Preparing
d913c3050d00: Waiting
8cf04db4bfe9: Waiting
d251b57e53f4: Preparing
d6dd96c29eae: Preparing
730afae25eb0: Preparing
730afae25eb0: Waiting
d913c3050d00: Waiting
d6dd96c29eae: Waiting
d251b57e53f4: Waiting
20d99e153fc8: Preparing
20d99e153fc8: Waiting
730afae25eb0: Waiting
99bca9ca286b: Preparing
20d99e153fc8: Waiting
99bca9ca286b: Waiting
db7e2c12e008: Preparing
22e89150ccf5: Preparing
22e89150ccf5: Waiting
99bca9ca286b: Waiting
db7e2c12e008: Waiting
6c873bc46eed: Preparing
58c28a5e5df2: Preparing
cc36ef0c6855: Preparing
cc36ef0c6855: Waiting
22e89150ccf5: Waiting
6c873bc46eed: Waiting
58c28a5e5df2: Waiting
73f3538cb991: Preparing
73f3538cb991: Waiting
cc36ef0c6855: Waiting
e8325a12edcf: Preparing
ca5ee9c1134f: Preparing
ca5ee9c1134f: Waiting
73f3538cb991: Waiting
e8325a12edcf: Waiting
68a85fa9d77e: Preparing
68a85fa9d77e: Waiting
ca5ee9c1134f: Waiting
47ff67f27e0c: Layer already exists
68a85fa9d77e: Waiting
6d328b19d668: Layer already exists
7f7f27568978: Layer already exists
68a6d6e49d6d: Layer already exists
39881c0edef3: Layer already exists
7bf1d70f712f: Layer already exists
58766175563b: Layer already exists
9e9be109958c: Layer already exists
1972ade39427: Layer already exists
d08a16245c84: Layer already exists
74fadb301dde: Layer already exists
09ece2ad1934: Layer already exists
95a3262289e5: Layer already exists
45beb820cf54: Layer already exists
b1ea9f6aeb0a: Layer already exists
bfd96c0be7e6: Layer already exists
170123391da7: Layer already exists
b0765677619d: Layer already exists
d913c3050d00: Layer already exists
8cf04db4bfe9: Layer already exists
d6dd96c29eae: Layer already exists
730afae25eb0: Layer already exists
d251b57e53f4: Layer already exists
20d99e153fc8: Layer already exists
99bca9ca286b: Layer already exists
db7e2c12e008: Layer already exists
6c873bc46eed: Layer already exists
22e89150ccf5: Layer already exists
58c28a5e5df2: Layer already exists
73f3538cb991: Layer already exists
e8325a12edcf: Layer already exists
cc36ef0c6855: Layer already exists
68a85fa9d77e: Layer already exists
ca5ee9c1134f: Layer already exists
e773d7721752: Pushed
693af6acb417: Retrying in 5 seconds
693af6acb417: Retrying in 4 seconds
693af6acb417: Retrying in 3 seconds
693af6acb417: Retrying in 2 seconds
693af6acb417: Retrying in 1 second
693af6acb417: Pushed
latest: digest: sha256:4a33652159b65613dd71184bb580b3513c095c344f4f35e040e15ed96987d773 size: 8251
